0 info it worked if it ends with ok
1 verbose cli [ '/usr/bin/nodejs',
1 verbose cli   '/usr/local/bin/npm',
1 verbose cli   'run',
1 verbose cli   'test',
1 verbose cli   '--',
1 verbose cli   '--port',
1 verbose cli   '5000' ]
2 info using npm@3.5.2
3 info using node@v5.11.0
4 verbose run-script [ 'pretest', 'test', 'posttest' ]
5 info lifecycle timer2@0.0.1~pretest: timer2@0.0.1
6 silly lifecycle timer2@0.0.1~pretest: no script for pretest, continuing
7 info lifecycle timer2@0.0.1~test: timer2@0.0.1
8 verbose lifecycle timer2@0.0.1~test: unsafe-perm in lifecycle true
9 verbose lifecycle timer2@0.0.1~test: PATH: /usr/local/lib/node_modules/npm/bin/node-gyp-bin:/home/david/Dropbox/projects/js/timer2/node_modules/.bin:/usr/local/heroku/bin:/home/david/bin:/usr/local/sbin:/usr/local/bin:/usr/sbin:/usr/bin:/sbin:/bin:/usr/games:/usr/local/games:/home/david/bin
10 verbose lifecycle timer2@0.0.1~test: CWD: /home/david/Dropbox/projects/js/timer2
11 silly lifecycle timer2@0.0.1~test: Args: [ '-c',
11 silly lifecycle   'webpack-dev-server --content-base=public_test --entry=tests "--port" "5000"' ]
12 silly lifecycle timer2@0.0.1~test: Returned: code: 1  signal: null
13 info lifecycle timer2@0.0.1~test: Failed to exec test script
14 verbose stack Error: timer2@0.0.1 test: `webpack-dev-server --content-base=public_test --entry=tests "--port" "5000"`
14 verbose stack Exit status 1
14 verbose stack     at EventEmitter.<anonymous> (/usr/local/lib/node_modules/npm/lib/utils/lifecycle.js:232:16)
14 verbose stack     at emitTwo (events.js:100:13)
14 verbose stack     at EventEmitter.emit (events.js:185:7)
14 verbose stack     at ChildProcess.<anonymous> (/usr/local/lib/node_modules/npm/lib/utils/spawn.js:24:14)
14 verbose stack     at emitTwo (events.js:100:13)
14 verbose stack     at ChildProcess.emit (events.js:185:7)
14 verbose stack     at maybeClose (internal/child_process.js:850:16)
14 verbose stack     at Process.ChildProcess._handle.onexit (internal/child_process.js:215:5)
15 verbose pkgid timer2@0.0.1
16 verbose cwd /home/david/Dropbox/projects/js/timer2
17 error Linux 3.13.0-39-generic
18 error argv "/usr/bin/nodejs" "/usr/local/bin/npm" "run" "test" "--" "--port" "5000"
19 error node v5.11.0
20 error npm  v3.5.2
21 error code ELIFECYCLE
22 error timer2@0.0.1 test: `webpack-dev-server --content-base=public_test --entry=tests "--port" "5000"`
22 error Exit status 1
23 error Failed at the timer2@0.0.1 test script 'webpack-dev-server --content-base=public_test --entry=tests "--port" "5000"'.
23 error Make sure you have the latest version of node.js and npm installed.
23 error If you do, this is most likely a problem with the timer2 package,
23 error not with npm itself.
23 error Tell the author that this fails on your system:
23 error     webpack-dev-server --content-base=public_test --entry=tests "--port" "5000"
23 error You can get information on how to open an issue for this project with:
23 error     npm bugs timer2
23 error Or if that isn't available, you can get their info via:
23 error     npm owner ls timer2
23 error There is likely additional logging output above.
24 verbose exit [ 1, true ]
